[1.830s] Invoking command in '/home/aroc/main_task26/src/main_task26': DEBUGINFOD_URLS=https://debuginfod.ubuntu.com PYTHONPATH=/home/aroc/main_task26/build/main_task26/prefix_override:/usr/lib/python3/dist-packages/colcon_core/task/python/colcon_distutils_commands:/home/aroc/main_task26/install/main_task26/lib/python3.12/site-packages:${PYTHONPATH} /usr/bin/python3 -W ignore:setup.py install is deprecated -W ignore:easy_install command is deprecated setup.py egg_info --egg-base ../../build/main_task26 build --build-base /home/aroc/main_task26/build/main_task26/build install --record /home/aroc/main_task26/build/main_task26/install.log --single-version-externally-managed install_data
[2.403s] running egg_info
[2.450s] writing ../../build/main_task26/main_task26.egg-info/PKG-INFO
[2.451s] writing dependency_links to ../../build/main_task26/main_task26.egg-info/dependency_links.txt
[2.451s] writing entry points to ../../build/main_task26/main_task26.egg-info/entry_points.txt
[2.452s] writing requirements to ../../build/main_task26/main_task26.egg-info/requires.txt
[2.452s] writing top-level names to ../../build/main_task26/main_task26.egg-info/top_level.txt
[2.541s] reading manifest file '../../build/main_task26/main_task26.egg-info/SOURCES.txt'
[2.541s] adding license file 'LICENSE'
[2.542s] writing manifest file '../../build/main_task26/main_task26.egg-info/SOURCES.txt'
[2.542s] running build
[2.543s] running build_py
[2.543s] copying main_task26/crab_walk.py -> /home/aroc/main_task26/build/main_task26/build/lib/main_task26
[2.544s] running install
[2.555s] running install_lib
[2.599s] copying /home/aroc/main_task26/build/main_task26/build/lib/main_task26/crab_walk.py -> /home/aroc/main_task26/install/main_task26/lib/python3.12/site-packages/main_task26
[2.601s] byte-compiling /home/aroc/main_task26/install/main_task26/lib/python3.12/site-packages/main_task26/crab_walk.py to crab_walk.cpython-312.pyc
[2.603s] running install_data
[2.603s] running install_egg_info
[2.652s] removing '/home/aroc/main_task26/install/main_task26/lib/python3.12/site-packages/main_task26-0.0.0-py3.12.egg-info' (and everything under it)
[2.652s] Copying ../../build/main_task26/main_task26.egg-info to /home/aroc/main_task26/install/main_task26/lib/python3.12/site-packages/main_task26-0.0.0-py3.12.egg-info
[2.654s] running install_scripts
[2.947s] Installing bangun script to /home/aroc/main_task26/install/main_task26/lib/main_task26
[2.947s] Installing button script to /home/aroc/main_task26/install/main_task26/lib/main_task26
[2.948s] Installing headcontrol script to /home/aroc/main_task26/install/main_task26/lib/main_task26
[2.948s] Installing jalan script to /home/aroc/main_task26/install/main_task26/lib/main_task26
[2.949s] Installing jarak script to /home/aroc/main_task26/install/main_task26/lib/main_task26
[2.949s] Installing maintask script to /home/aroc/main_task26/install/main_task26/lib/main_task26
[2.949s] Installing vision script to /home/aroc/main_task26/install/main_task26/lib/main_task26
[2.950s] writing list of installed files to '/home/aroc/main_task26/build/main_task26/install.log'
[3.000s] Invoked command in '/home/aroc/main_task26/src/main_task26' returned '0': DEBUGINFOD_URLS=https://debuginfod.ubuntu.com PYTHONPATH=/home/aroc/main_task26/build/main_task26/prefix_override:/usr/lib/python3/dist-packages/colcon_core/task/python/colcon_distutils_commands:/home/aroc/main_task26/install/main_task26/lib/python3.12/site-packages:${PYTHONPATH} /usr/bin/python3 -W ignore:setup.py install is deprecated -W ignore:easy_install command is deprecated setup.py egg_info --egg-base ../../build/main_task26 build --build-base /home/aroc/main_task26/build/main_task26/build install --record /home/aroc/main_task26/build/main_task26/install.log --single-version-externally-managed install_data
