[2.065s] Invoking command in '/home/aroc/main_task26/src/main_task26': DEBUGINFOD_URLS=https://debuginfod.ubuntu.com PYTHONPATH=/home/aroc/main_task26/build/main_task26/prefix_override:/usr/lib/python3/dist-packages/colcon_core/task/python/colcon_distutils_commands:/home/aroc/main_task26/install/main_task26/lib/python3.12/site-packages:${PYTHONPATH} /usr/bin/python3 -W ignore:setup.py install is deprecated -W ignore:easy_install command is deprecated setup.py egg_info --egg-base ../../build/main_task26 build --build-base /home/aroc/main_task26/build/main_task26/build install --record /home/aroc/main_task26/build/main_task26/install.log --single-version-externally-managed install_data
[2.678s] running egg_info
[2.726s] writing ../../build/main_task26/main_task26.egg-info/PKG-INFO
[2.728s] writing dependency_links to ../../build/main_task26/main_task26.egg-info/dependency_links.txt
[2.728s] writing entry points to ../../build/main_task26/main_task26.egg-info/entry_points.txt
[2.729s] writing requirements to ../../build/main_task26/main_task26.egg-info/requires.txt
[2.729s] writing top-level names to ../../build/main_task26/main_task26.egg-info/top_level.txt
[2.826s] reading manifest file '../../build/main_task26/main_task26.egg-info/SOURCES.txt'
[2.827s] adding license file 'LICENSE'
[2.828s] writing manifest file '../../build/main_task26/main_task26.egg-info/SOURCES.txt'
[2.828s] running build
[2.829s] running build_py
[2.829s] copying main_task26/crab_walk.py -> /home/aroc/main_task26/build/main_task26/build/lib/main_task26
[2.830s] copying main_task26/button.py -> /home/aroc/main_task26/build/main_task26/build/lib/main_task26
[2.831s] running install
[2.846s] running install_lib
[2.897s] copying /home/aroc/main_task26/build/main_task26/build/lib/main_task26/crab_walk.py -> /home/aroc/main_task26/install/main_task26/lib/python3.12/site-packages/main_task26
[2.898s] copying /home/aroc/main_task26/build/main_task26/build/lib/main_task26/button.py -> /home/aroc/main_task26/install/main_task26/lib/python3.12/site-packages/main_task26
[2.900s] byte-compiling /home/aroc/main_task26/install/main_task26/lib/python3.12/site-packages/main_task26/crab_walk.py to crab_walk.cpython-312.pyc
[2.903s] byte-compiling /home/aroc/main_task26/install/main_task26/lib/python3.12/site-packages/main_task26/button.py to button.cpython-312.pyc
[2.906s] running install_data
[2.906s] running install_egg_info
[2.956s] removing '/home/aroc/main_task26/install/main_task26/lib/python3.12/site-packages/main_task26-0.0.0-py3.12.egg-info' (and everything under it)
[2.957s] Copying ../../build/main_task26/main_task26.egg-info to /home/aroc/main_task26/install/main_task26/lib/python3.12/site-packages/main_task26-0.0.0-py3.12.egg-info
[2.959s] running install_scripts
[3.266s] Installing bangun script to /home/aroc/main_task26/install/main_task26/lib/main_task26
[3.266s] Installing button script to /home/aroc/main_task26/install/main_task26/lib/main_task26
[3.266s] Installing cek script to /home/aroc/main_task26/install/main_task26/lib/main_task26
[3.267s] Installing headcontrol script to /home/aroc/main_task26/install/main_task26/lib/main_task26
[3.267s] Installing jalan script to /home/aroc/main_task26/install/main_task26/lib/main_task26
[3.268s] Installing jarak script to /home/aroc/main_task26/install/main_task26/lib/main_task26
[3.268s] Installing maintask script to /home/aroc/main_task26/install/main_task26/lib/main_task26
[3.268s] Installing vision script to /home/aroc/main_task26/install/main_task26/lib/main_task26
[3.268s] writing list of installed files to '/home/aroc/main_task26/build/main_task26/install.log'
[3.324s] Invoked command in '/home/aroc/main_task26/src/main_task26' returned '0': DEBUGINFOD_URLS=https://debuginfod.ubuntu.com PYTHONPATH=/home/aroc/main_task26/build/main_task26/prefix_override:/usr/lib/python3/dist-packages/colcon_core/task/python/colcon_distutils_commands:/home/aroc/main_task26/install/main_task26/lib/python3.12/site-packages:${PYTHONPATH} /usr/bin/python3 -W ignore:setup.py install is deprecated -W ignore:easy_install command is deprecated setup.py egg_info --egg-base ../../build/main_task26 build --build-base /home/aroc/main_task26/build/main_task26/build install --record /home/aroc/main_task26/build/main_task26/install.log --single-version-externally-managed install_data
