[1.787s] Invoking command in '/home/aroc/main_task26/src/main_task26': DEBUGINFOD_URLS=https://debuginfod.ubuntu.com PYTHONPATH=/home/aroc/main_task26/build/main_task26/prefix_override:/usr/lib/python3/dist-packages/colcon_core/task/python/colcon_distutils_commands:/home/aroc/main_task26/install/main_task26/lib/python3.12/site-packages:${PYTHONPATH} /usr/bin/python3 -W ignore:setup.py install is deprecated -W ignore:easy_install command is deprecated setup.py egg_info --egg-base ../../build/main_task26 build --build-base /home/aroc/main_task26/build/main_task26/build install --record /home/aroc/main_task26/build/main_task26/install.log --single-version-externally-managed install_data
[2.293s] running egg_info
[2.336s] writing ../../build/main_task26/main_task26.egg-info/PKG-INFO
[2.338s] writing dependency_links to ../../build/main_task26/main_task26.egg-info/dependency_links.txt
[2.338s] writing entry points to ../../build/main_task26/main_task26.egg-info/entry_points.txt
[2.339s] writing requirements to ../../build/main_task26/main_task26.egg-info/requires.txt
[2.339s] writing top-level names to ../../build/main_task26/main_task26.egg-info/top_level.txt
[2.419s] reading manifest file '../../build/main_task26/main_task26.egg-info/SOURCES.txt'
[2.420s] adding license file 'LICENSE'
[2.421s] writing manifest file '../../build/main_task26/main_task26.egg-info/SOURCES.txt'
[2.422s] running build
[2.422s] running build_py
[2.423s] copying main_task26/tunning_PID.py -> /home/aroc/main_task26/build/main_task26/build/lib/main_task26
[2.424s] running install
[2.434s] running install_lib
[2.473s] copying /home/aroc/main_task26/build/main_task26/build/lib/main_task26/tunning_PID.py -> /home/aroc/main_task26/install/main_task26/lib/python3.12/site-packages/main_task26
[2.474s] byte-compiling /home/aroc/main_task26/install/main_task26/lib/python3.12/site-packages/main_task26/tunning_PID.py to tunning_PID.cpython-312.pyc
[2.477s] running install_data
[2.478s] running install_egg_info
[2.522s] removing '/home/aroc/main_task26/install/main_task26/lib/python3.12/site-packages/main_task26-0.0.0-py3.12.egg-info' (and everything under it)
[2.522s] Copying ../../build/main_task26/main_task26.egg-info to /home/aroc/main_task26/install/main_task26/lib/python3.12/site-packages/main_task26-0.0.0-py3.12.egg-info
[2.524s] running install_scripts
[2.783s] Installing bangun script to /home/aroc/main_task26/install/main_task26/lib/main_task26
[2.785s] Installing button script to /home/aroc/main_task26/install/main_task26/lib/main_task26
[2.785s] Installing cek script to /home/aroc/main_task26/install/main_task26/lib/main_task26
[2.786s] Installing headcontrol script to /home/aroc/main_task26/install/main_task26/lib/main_task26
[2.786s] Installing jalan script to /home/aroc/main_task26/install/main_task26/lib/main_task26
[2.786s] Installing jarak script to /home/aroc/main_task26/install/main_task26/lib/main_task26
[2.787s] Installing maintask script to /home/aroc/main_task26/install/main_task26/lib/main_task26
[2.787s] Installing tunning script to /home/aroc/main_task26/install/main_task26/lib/main_task26
[2.787s] Installing vision script to /home/aroc/main_task26/install/main_task26/lib/main_task26
[2.788s] writing list of installed files to '/home/aroc/main_task26/build/main_task26/install.log'
[2.835s] Invoked command in '/home/aroc/main_task26/src/main_task26' returned '0': DEBUGINFOD_URLS=https://debuginfod.ubuntu.com PYTHONPATH=/home/aroc/main_task26/build/main_task26/prefix_override:/usr/lib/python3/dist-packages/colcon_core/task/python/colcon_distutils_commands:/home/aroc/main_task26/install/main_task26/lib/python3.12/site-packages:${PYTHONPATH} /usr/bin/python3 -W ignore:setup.py install is deprecated -W ignore:easy_install command is deprecated setup.py egg_info --egg-base ../../build/main_task26 build --build-base /home/aroc/main_task26/build/main_task26/build install --record /home/aroc/main_task26/build/main_task26/install.log --single-version-externally-managed install_data
