[1.861s] Invoking command in '/home/aroc/main_task26/src/main_task26': DEBUGINFOD_URLS=https://debuginfod.ubuntu.com PYTHONPATH=/home/aroc/main_task26/build/main_task26/prefix_override:/usr/lib/python3/dist-packages/colcon_core/task/python/colcon_distutils_commands:/home/aroc/main_task26/install/main_task26/lib/python3.12/site-packages:${PYTHONPATH} /usr/bin/python3 -W ignore:setup.py install is deprecated -W ignore:easy_install command is deprecated setup.py egg_info --egg-base ../../build/main_task26 build --build-base /home/aroc/main_task26/build/main_task26/build install --record /home/aroc/main_task26/build/main_task26/install.log --single-version-externally-managed install_data
[2.520s] running egg_info
[2.570s] writing ../../build/main_task26/main_task26.egg-info/PKG-INFO
[2.571s] writing dependency_links to ../../build/main_task26/main_task26.egg-info/dependency_links.txt
[2.571s] writing entry points to ../../build/main_task26/main_task26.egg-info/entry_points.txt
[2.572s] writing requirements to ../../build/main_task26/main_task26.egg-info/requires.txt
[2.572s] writing top-level names to ../../build/main_task26/main_task26.egg-info/top_level.txt
[2.665s] reading manifest file '../../build/main_task26/main_task26.egg-info/SOURCES.txt'
[2.665s] adding license file 'LICENSE'
[2.666s] writing manifest file '../../build/main_task26/main_task26.egg-info/SOURCES.txt'
[2.667s] running build
[2.667s] running build_py
[2.668s] copying main_task26/main_jarak.py -> /home/aroc/main_task26/build/main_task26/build/lib/main_task26
[2.669s] running install
[2.681s] running install_lib
[2.738s] copying /home/aroc/main_task26/build/main_task26/build/lib/main_task26/main_jarak.py -> /home/aroc/main_task26/install/main_task26/lib/python3.12/site-packages/main_task26
[2.740s] byte-compiling /home/aroc/main_task26/install/main_task26/lib/python3.12/site-packages/main_task26/main_jarak.py to main_jarak.cpython-312.pyc
[2.742s] running install_data
[2.743s] running install_egg_info
[2.817s] removing '/home/aroc/main_task26/install/main_task26/lib/python3.12/site-packages/main_task26-0.0.0-py3.12.egg-info' (and everything under it)
[2.817s] Copying ../../build/main_task26/main_task26.egg-info to /home/aroc/main_task26/install/main_task26/lib/python3.12/site-packages/main_task26-0.0.0-py3.12.egg-info
[2.819s] running install_scripts
[3.195s] Installing bangun script to /home/aroc/main_task26/install/main_task26/lib/main_task26
[3.196s] Installing button script to /home/aroc/main_task26/install/main_task26/lib/main_task26
[3.196s] Installing cek script to /home/aroc/main_task26/install/main_task26/lib/main_task26
[3.196s] Installing headcontrol script to /home/aroc/main_task26/install/main_task26/lib/main_task26
[3.197s] Installing jalan script to /home/aroc/main_task26/install/main_task26/lib/main_task26
[3.197s] Installing jarak script to /home/aroc/main_task26/install/main_task26/lib/main_task26
[3.197s] Installing maintask script to /home/aroc/main_task26/install/main_task26/lib/main_task26
[3.197s] Installing vision script to /home/aroc/main_task26/install/main_task26/lib/main_task26
[3.198s] writing list of installed files to '/home/aroc/main_task26/build/main_task26/install.log'
[3.255s] Invoked command in '/home/aroc/main_task26/src/main_task26' returned '0': DEBUGINFOD_URLS=https://debuginfod.ubuntu.com PYTHONPATH=/home/aroc/main_task26/build/main_task26/prefix_override:/usr/lib/python3/dist-packages/colcon_core/task/python/colcon_distutils_commands:/home/aroc/main_task26/install/main_task26/lib/python3.12/site-packages:${PYTHONPATH} /usr/bin/python3 -W ignore:setup.py install is deprecated -W ignore:easy_install command is deprecated setup.py egg_info --egg-base ../../build/main_task26 build --build-base /home/aroc/main_task26/build/main_task26/build install --record /home/aroc/main_task26/build/main_task26/install.log --single-version-externally-managed install_data
