[1.868s] Invoking command in '/home/aroc/main_task26/src/main_task26': DEBUGINFOD_URLS=https://debuginfod.ubuntu.com PYTHONPATH=/home/aroc/main_task26/build/main_task26/prefix_override:/usr/lib/python3/dist-packages/colcon_core/task/python/colcon_distutils_commands:/home/aroc/main_task26/install/main_task26/lib/python3.12/site-packages:${PYTHONPATH} /usr/bin/python3 -W ignore:setup.py install is deprecated -W ignore:easy_install command is deprecated setup.py egg_info --egg-base ../../build/main_task26 build --build-base /home/aroc/main_task26/build/main_task26/build install --record /home/aroc/main_task26/build/main_task26/install.log --single-version-externally-managed install_data
[2.469s] running egg_info
[2.520s] writing ../../build/main_task26/main_task26.egg-info/PKG-INFO
[2.520s] writing dependency_links to ../../build/main_task26/main_task26.egg-info/dependency_links.txt
[2.521s] writing entry points to ../../build/main_task26/main_task26.egg-info/entry_points.txt
[2.521s] writing requirements to ../../build/main_task26/main_task26.egg-info/requires.txt
[2.522s] writing top-level names to ../../build/main_task26/main_task26.egg-info/top_level.txt
[2.616s] reading manifest file '../../build/main_task26/main_task26.egg-info/SOURCES.txt'
[2.616s] adding license file 'LICENSE'
[2.618s] writing manifest file '../../build/main_task26/main_task26.egg-info/SOURCES.txt'
[2.619s] running build
[2.619s] running build_py
[2.620s] running install
[2.632s] running install_lib
[2.681s] running install_data
[2.682s] running install_egg_info
[2.733s] removing '/home/aroc/main_task26/install/main_task26/lib/python3.12/site-packages/main_task26-0.0.0-py3.12.egg-info' (and everything under it)
[2.733s] Copying ../../build/main_task26/main_task26.egg-info to /home/aroc/main_task26/install/main_task26/lib/python3.12/site-packages/main_task26-0.0.0-py3.12.egg-info
[2.735s] running install_scripts
[3.060s] Installing bangun script to /home/aroc/main_task26/install/main_task26/lib/main_task26
[3.061s] Installing button script to /home/aroc/main_task26/install/main_task26/lib/main_task26
[3.061s] Installing cek script to /home/aroc/main_task26/install/main_task26/lib/main_task26
[3.061s] Installing headcontrol script to /home/aroc/main_task26/install/main_task26/lib/main_task26
[3.062s] Installing jalan script to /home/aroc/main_task26/install/main_task26/lib/main_task26
[3.062s] Installing jarak script to /home/aroc/main_task26/install/main_task26/lib/main_task26
[3.062s] Installing maintask script to /home/aroc/main_task26/install/main_task26/lib/main_task26
[3.063s] Installing tunning script to /home/aroc/main_task26/install/main_task26/lib/main_task26
[3.063s] Installing vision script to /home/aroc/main_task26/install/main_task26/lib/main_task26
[3.064s] writing list of installed files to '/home/aroc/main_task26/build/main_task26/install.log'
[3.119s] Invoked command in '/home/aroc/main_task26/src/main_task26' returned '0': DEBUGINFOD_URLS=https://debuginfod.ubuntu.com PYTHONPATH=/home/aroc/main_task26/build/main_task26/prefix_override:/usr/lib/python3/dist-packages/colcon_core/task/python/colcon_distutils_commands:/home/aroc/main_task26/install/main_task26/lib/python3.12/site-packages:${PYTHONPATH} /usr/bin/python3 -W ignore:setup.py install is deprecated -W ignore:easy_install command is deprecated setup.py egg_info --egg-base ../../build/main_task26 build --build-base /home/aroc/main_task26/build/main_task26/build install --record /home/aroc/main_task26/build/main_task26/install.log --single-version-externally-managed install_data
