running egg_info
writing ../../build/main_task26/main_task26.egg-info/PKG-INFO
writing dependency_links to ../../build/main_task26/main_task26.egg-info/dependency_links.txt
writing entry points to ../../build/main_task26/main_task26.egg-info/entry_points.txt
writing requirements to ../../build/main_task26/main_task26.egg-info/requires.txt
writing top-level names to ../../build/main_task26/main_task26.egg-info/top_level.txt
reading manifest file '../../build/main_task26/main_task26.egg-info/SOURCES.txt'
adding license file 'LICENSE'
writing manifest file '../../build/main_task26/main_task26.egg-info/SOURCES.txt'
running build
running build_py
running install
running install_lib
running install_data
running install_egg_info
removing '/home/aroc/main_task26/install/main_task26/lib/python3.12/site-packages/main_task26-0.0.0-py3.12.egg-info' (and everything under it)
Copying ../../build/main_task26/main_task26.egg-info to /home/aroc/main_task26/install/main_task26/lib/python3.12/site-packages/main_task26-0.0.0-py3.12.egg-info
running install_scripts
Installing bangun script to /home/aroc/main_task26/install/main_task26/lib/main_task26
Installing button script to /home/aroc/main_task26/install/main_task26/lib/main_task26
Installing cek script to /home/aroc/main_task26/install/main_task26/lib/main_task26
Installing headcontrol script to /home/aroc/main_task26/install/main_task26/lib/main_task26
Installing jalan script to /home/aroc/main_task26/install/main_task26/lib/main_task26
Installing jarak script to /home/aroc/main_task26/install/main_task26/lib/main_task26
Installing maintask script to /home/aroc/main_task26/install/main_task26/lib/main_task26
Installing vision script to /home/aroc/main_task26/install/main_task26/lib/main_task26
writing list of installed files to '/home/aroc/main_task26/build/main_task26/install.log'
