[1.636s] Invoking command in '/home/aroc/main_task26/src/main_task26': DEBUGINFOD_URLS=https://debuginfod.ubuntu.com PYTHONPATH=/home/aroc/main_task26/build/main_task26/prefix_override:/usr/lib/python3/dist-packages/colcon_core/task/python/colcon_distutils_commands:/home/aroc/main_task26/install/main_task26/lib/python3.12/site-packages:${PYTHONPATH} /usr/bin/python3 -W ignore:setup.py install is deprecated -W ignore:easy_install command is deprecated setup.py egg_info --egg-base ../../build/main_task26 build --build-base /home/aroc/main_task26/build/main_task26/build install --record /home/aroc/main_task26/build/main_task26/install.log --single-version-externally-managed install_data
[2.203s] running egg_info
[2.245s] writing ../../build/main_task26/main_task26.egg-info/PKG-INFO
[2.245s] writing dependency_links to ../../build/main_task26/main_task26.egg-info/dependency_links.txt
[2.246s] writing entry points to ../../build/main_task26/main_task26.egg-info/entry_points.txt
[2.246s] writing requirements to ../../build/main_task26/main_task26.egg-info/requires.txt
[2.247s] writing top-level names to ../../build/main_task26/main_task26.egg-info/top_level.txt
[2.335s] reading manifest file '../../build/main_task26/main_task26.egg-info/SOURCES.txt'
[2.335s] adding license file 'LICENSE'
[2.336s] writing manifest file '../../build/main_task26/main_task26.egg-info/SOURCES.txt'
[2.337s] running build
[2.337s] running build_py
[2.337s] copying main_task26/tunning_PID.py -> /home/aroc/main_task26/build/main_task26/build/lib/main_task26
[2.338s] running install
[2.348s] running install_lib
[2.390s] copying /home/aroc/main_task26/build/main_task26/build/lib/main_task26/tunning_PID.py -> /home/aroc/main_task26/install/main_task26/lib/python3.12/site-packages/main_task26
[2.392s] byte-compiling /home/aroc/main_task26/install/main_task26/lib/python3.12/site-packages/main_task26/tunning_PID.py to tunning_PID.cpython-312.pyc
[2.397s] running install_data
[2.398s] running install_egg_info
[2.443s] removing '/home/aroc/main_task26/install/main_task26/lib/python3.12/site-packages/main_task26-0.0.0-py3.12.egg-info' (and everything under it)
[2.443s] Copying ../../build/main_task26/main_task26.egg-info to /home/aroc/main_task26/install/main_task26/lib/python3.12/site-packages/main_task26-0.0.0-py3.12.egg-info
[2.445s] running install_scripts
[2.728s] Installing bangun script to /home/aroc/main_task26/install/main_task26/lib/main_task26
[2.729s] Installing button script to /home/aroc/main_task26/install/main_task26/lib/main_task26
[2.729s] Installing cek script to /home/aroc/main_task26/install/main_task26/lib/main_task26
[2.730s] Installing headcontrol script to /home/aroc/main_task26/install/main_task26/lib/main_task26
[2.730s] Installing jalan script to /home/aroc/main_task26/install/main_task26/lib/main_task26
[2.731s] Installing jarak script to /home/aroc/main_task26/install/main_task26/lib/main_task26
[2.731s] Installing maintask script to /home/aroc/main_task26/install/main_task26/lib/main_task26
[2.731s] Installing tunning script to /home/aroc/main_task26/install/main_task26/lib/main_task26
[2.732s] Installing vision script to /home/aroc/main_task26/install/main_task26/lib/main_task26
[2.732s] writing list of installed files to '/home/aroc/main_task26/build/main_task26/install.log'
[2.782s] Invoked command in '/home/aroc/main_task26/src/main_task26' returned '0': DEBUGINFOD_URLS=https://debuginfod.ubuntu.com PYTHONPATH=/home/aroc/main_task26/build/main_task26/prefix_override:/usr/lib/python3/dist-packages/colcon_core/task/python/colcon_distutils_commands:/home/aroc/main_task26/install/main_task26/lib/python3.12/site-packages:${PYTHONPATH} /usr/bin/python3 -W ignore:setup.py install is deprecated -W ignore:easy_install command is deprecated setup.py egg_info --egg-base ../../build/main_task26 build --build-base /home/aroc/main_task26/build/main_task26/build install --record /home/aroc/main_task26/build/main_task26/install.log --single-version-externally-managed install_data
