[1.680s] Invoking command in '/home/aroc/main_task26/src/main_task26': DEBUGINFOD_URLS=https://debuginfod.ubuntu.com PYTHONPATH=/home/aroc/main_task26/build/main_task26/prefix_override:/usr/lib/python3/dist-packages/colcon_core/task/python/colcon_distutils_commands:/home/aroc/main_task26/install/main_task26/lib/python3.12/site-packages:${PYTHONPATH} /usr/bin/python3 -W ignore:setup.py install is deprecated -W ignore:easy_install command is deprecated setup.py egg_info --egg-base ../../build/main_task26 build --build-base /home/aroc/main_task26/build/main_task26/build install --record /home/aroc/main_task26/build/main_task26/install.log --single-version-externally-managed install_data
[2.241s] running egg_info
[2.283s] writing ../../build/main_task26/main_task26.egg-info/PKG-INFO
[2.283s] writing dependency_links to ../../build/main_task26/main_task26.egg-info/dependency_links.txt
[2.283s] writing entry points to ../../build/main_task26/main_task26.egg-info/entry_points.txt
[2.283s] writing requirements to ../../build/main_task26/main_task26.egg-info/requires.txt
[2.284s] writing top-level names to ../../build/main_task26/main_task26.egg-info/top_level.txt
[2.373s] reading manifest file '../../build/main_task26/main_task26.egg-info/SOURCES.txt'
[2.374s] adding license file 'LICENSE'
[2.375s] writing manifest file '../../build/main_task26/main_task26.egg-info/SOURCES.txt'
[2.375s] running build
[2.376s] running build_py
[2.376s] copying main_task26/crab_walk.py -> /home/aroc/main_task26/build/main_task26/build/lib/main_task26
[2.377s] running install
[2.389s] running install_lib
[2.436s] copying /home/aroc/main_task26/build/main_task26/build/lib/main_task26/crab_walk.py -> /home/aroc/main_task26/install/main_task26/lib/python3.12/site-packages/main_task26
[2.438s] byte-compiling /home/aroc/main_task26/install/main_task26/lib/python3.12/site-packages/main_task26/crab_walk.py to crab_walk.cpython-312.pyc
[2.441s] running install_data
[2.441s] running install_egg_info
[2.485s] removing '/home/aroc/main_task26/install/main_task26/lib/python3.12/site-packages/main_task26-0.0.0-py3.12.egg-info' (and everything under it)
[2.485s] Copying ../../build/main_task26/main_task26.egg-info to /home/aroc/main_task26/install/main_task26/lib/python3.12/site-packages/main_task26-0.0.0-py3.12.egg-info
[2.487s] running install_scripts
[2.763s] Installing bangun script to /home/aroc/main_task26/install/main_task26/lib/main_task26
[2.763s] Installing button script to /home/aroc/main_task26/install/main_task26/lib/main_task26
[2.764s] Installing cek script to /home/aroc/main_task26/install/main_task26/lib/main_task26
[2.764s] Installing headcontrol script to /home/aroc/main_task26/install/main_task26/lib/main_task26
[2.764s] Installing jalan script to /home/aroc/main_task26/install/main_task26/lib/main_task26
[2.765s] Installing jarak script to /home/aroc/main_task26/install/main_task26/lib/main_task26
[2.765s] Installing maintask script to /home/aroc/main_task26/install/main_task26/lib/main_task26
[2.765s] Installing vision script to /home/aroc/main_task26/install/main_task26/lib/main_task26
[2.766s] writing list of installed files to '/home/aroc/main_task26/build/main_task26/install.log'
[2.815s] Invoked command in '/home/aroc/main_task26/src/main_task26' returned '0': DEBUGINFOD_URLS=https://debuginfod.ubuntu.com PYTHONPATH=/home/aroc/main_task26/build/main_task26/prefix_override:/usr/lib/python3/dist-packages/colcon_core/task/python/colcon_distutils_commands:/home/aroc/main_task26/install/main_task26/lib/python3.12/site-packages:${PYTHONPATH} /usr/bin/python3 -W ignore:setup.py install is deprecated -W ignore:easy_install command is deprecated setup.py egg_info --egg-base ../../build/main_task26 build --build-base /home/aroc/main_task26/build/main_task26/build install --record /home/aroc/main_task26/build/main_task26/install.log --single-version-externally-managed install_data
