[1.867s] Invoking command in '/home/aroc/main_task26/src/main_task26': DEBUGINFOD_URLS=https://debuginfod.ubuntu.com PYTHONPATH=/home/aroc/main_task26/build/main_task26/prefix_override:/usr/lib/python3/dist-packages/colcon_core/task/python/colcon_distutils_commands:/home/aroc/main_task26/install/main_task26/lib/python3.12/site-packages:${PYTHONPATH} /usr/bin/python3 -W ignore:setup.py install is deprecated -W ignore:easy_install command is deprecated setup.py egg_info --egg-base ../../build/main_task26 build --build-base /home/aroc/main_task26/build/main_task26/build install --record /home/aroc/main_task26/build/main_task26/install.log --single-version-externally-managed install_data
[2.461s] running egg_info
[2.508s] writing ../../build/main_task26/main_task26.egg-info/PKG-INFO
[2.509s] writing dependency_links to ../../build/main_task26/main_task26.egg-info/dependency_links.txt
[2.510s] writing entry points to ../../build/main_task26/main_task26.egg-info/entry_points.txt
[2.510s] writing requirements to ../../build/main_task26/main_task26.egg-info/requires.txt
[2.510s] writing top-level names to ../../build/main_task26/main_task26.egg-info/top_level.txt
[2.599s] reading manifest file '../../build/main_task26/main_task26.egg-info/SOURCES.txt'
[2.599s] adding license file 'LICENSE'
[2.601s] writing manifest file '../../build/main_task26/main_task26.egg-info/SOURCES.txt'
[2.601s] running build
[2.601s] running build_py
[2.601s] copying main_task26/crab_walk.py -> /home/aroc/main_task26/build/main_task26/build/lib/main_task26
[2.602s] copying main_task26/button.py -> /home/aroc/main_task26/build/main_task26/build/lib/main_task26
[2.603s] running install
[2.615s] running install_lib
[2.661s] copying /home/aroc/main_task26/build/main_task26/build/lib/main_task26/crab_walk.py -> /home/aroc/main_task26/install/main_task26/lib/python3.12/site-packages/main_task26
[2.661s] copying /home/aroc/main_task26/build/main_task26/build/lib/main_task26/button.py -> /home/aroc/main_task26/install/main_task26/lib/python3.12/site-packages/main_task26
[2.664s] byte-compiling /home/aroc/main_task26/install/main_task26/lib/python3.12/site-packages/main_task26/crab_walk.py to crab_walk.cpython-312.pyc
[2.665s] byte-compiling /home/aroc/main_task26/install/main_task26/lib/python3.12/site-packages/main_task26/button.py to button.cpython-312.pyc
[2.667s] running install_data
[2.667s] running install_egg_info
[2.720s] removing '/home/aroc/main_task26/install/main_task26/lib/python3.12/site-packages/main_task26-0.0.0-py3.12.egg-info' (and everything under it)
[2.721s] Copying ../../build/main_task26/main_task26.egg-info to /home/aroc/main_task26/install/main_task26/lib/python3.12/site-packages/main_task26-0.0.0-py3.12.egg-info
[2.723s] running install_scripts
[3.029s] Installing bangun script to /home/aroc/main_task26/install/main_task26/lib/main_task26
[3.029s] Installing button script to /home/aroc/main_task26/install/main_task26/lib/main_task26
[3.029s] Installing cek script to /home/aroc/main_task26/install/main_task26/lib/main_task26
[3.030s] Installing headcontrol script to /home/aroc/main_task26/install/main_task26/lib/main_task26
[3.030s] Installing jalan script to /home/aroc/main_task26/install/main_task26/lib/main_task26
[3.030s] Installing jarak script to /home/aroc/main_task26/install/main_task26/lib/main_task26
[3.030s] Installing maintask script to /home/aroc/main_task26/install/main_task26/lib/main_task26
[3.031s] Installing vision script to /home/aroc/main_task26/install/main_task26/lib/main_task26
[3.031s] writing list of installed files to '/home/aroc/main_task26/build/main_task26/install.log'
[3.080s] Invoked command in '/home/aroc/main_task26/src/main_task26' returned '0': DEBUGINFOD_URLS=https://debuginfod.ubuntu.com PYTHONPATH=/home/aroc/main_task26/build/main_task26/prefix_override:/usr/lib/python3/dist-packages/colcon_core/task/python/colcon_distutils_commands:/home/aroc/main_task26/install/main_task26/lib/python3.12/site-packages:${PYTHONPATH} /usr/bin/python3 -W ignore:setup.py install is deprecated -W ignore:easy_install command is deprecated setup.py egg_info --egg-base ../../build/main_task26 build --build-base /home/aroc/main_task26/build/main_task26/build install --record /home/aroc/main_task26/build/main_task26/install.log --single-version-externally-managed install_data
