[2.510s] Invoking command in '/home/aroc/main_task26/src/main_task26': DEBUGINFOD_URLS=https://debuginfod.ubuntu.com PYTHONPATH=/home/aroc/main_task26/build/main_task26/prefix_override:/usr/lib/python3/dist-packages/colcon_core/task/python/colcon_distutils_commands:/home/aroc/main_task26/install/main_task26/lib/python3.12/site-packages:${PYTHONPATH} /usr/bin/python3 -W ignore:setup.py install is deprecated -W ignore:easy_install command is deprecated setup.py egg_info --egg-base ../../build/main_task26 build --build-base /home/aroc/main_task26/build/main_task26/build install --record /home/aroc/main_task26/build/main_task26/install.log --single-version-externally-managed install_data
[3.335s] running egg_info
[3.400s] writing ../../build/main_task26/main_task26.egg-info/PKG-INFO
[3.403s] writing dependency_links to ../../build/main_task26/main_task26.egg-info/dependency_links.txt
[3.403s] writing entry points to ../../build/main_task26/main_task26.egg-info/entry_points.txt
[3.403s] writing requirements to ../../build/main_task26/main_task26.egg-info/requires.txt
[3.404s] writing top-level names to ../../build/main_task26/main_task26.egg-info/top_level.txt
[3.532s] reading manifest file '../../build/main_task26/main_task26.egg-info/SOURCES.txt'
[3.534s] adding license file 'LICENSE'
[3.536s] writing manifest file '../../build/main_task26/main_task26.egg-info/SOURCES.txt'
[3.536s] running build
[3.536s] running build_py
[3.536s] copying main_task26/main_jarak.py -> /home/aroc/main_task26/build/main_task26/build/lib/main_task26
[3.537s] running install
[3.555s] running install_lib
[3.617s] copying /home/aroc/main_task26/build/main_task26/build/lib/main_task26/main_jarak.py -> /home/aroc/main_task26/install/main_task26/lib/python3.12/site-packages/main_task26
[3.619s] byte-compiling /home/aroc/main_task26/install/main_task26/lib/python3.12/site-packages/main_task26/main_jarak.py to main_jarak.cpython-312.pyc
[3.622s] running install_data
[3.622s] running install_egg_info
[3.696s] removing '/home/aroc/main_task26/install/main_task26/lib/python3.12/site-packages/main_task26-0.0.0-py3.12.egg-info' (and everything under it)
[3.697s] Copying ../../build/main_task26/main_task26.egg-info to /home/aroc/main_task26/install/main_task26/lib/python3.12/site-packages/main_task26-0.0.0-py3.12.egg-info
[3.699s] running install_scripts
[4.127s] Installing bangun script to /home/aroc/main_task26/install/main_task26/lib/main_task26
[4.128s] Installing button script to /home/aroc/main_task26/install/main_task26/lib/main_task26
[4.128s] Installing cek script to /home/aroc/main_task26/install/main_task26/lib/main_task26
[4.128s] Installing headcontrol script to /home/aroc/main_task26/install/main_task26/lib/main_task26
[4.130s] Installing jalan script to /home/aroc/main_task26/install/main_task26/lib/main_task26
[4.130s] Installing jarak script to /home/aroc/main_task26/install/main_task26/lib/main_task26
[4.130s] Installing maintask script to /home/aroc/main_task26/install/main_task26/lib/main_task26
[4.131s] Installing vision script to /home/aroc/main_task26/install/main_task26/lib/main_task26
[4.131s] writing list of installed files to '/home/aroc/main_task26/build/main_task26/install.log'
[4.201s] Invoked command in '/home/aroc/main_task26/src/main_task26' returned '0': DEBUGINFOD_URLS=https://debuginfod.ubuntu.com PYTHONPATH=/home/aroc/main_task26/build/main_task26/prefix_override:/usr/lib/python3/dist-packages/colcon_core/task/python/colcon_distutils_commands:/home/aroc/main_task26/install/main_task26/lib/python3.12/site-packages:${PYTHONPATH} /usr/bin/python3 -W ignore:setup.py install is deprecated -W ignore:easy_install command is deprecated setup.py egg_info --egg-base ../../build/main_task26 build --build-base /home/aroc/main_task26/build/main_task26/build install --record /home/aroc/main_task26/build/main_task26/install.log --single-version-externally-managed install_data
