[1.818s] Invoking command in '/home/aroc/main_task26/src/main_task26': DEBUGINFOD_URLS=https://debuginfod.ubuntu.com PYTHONPATH=/home/aroc/main_task26/build/main_task26/prefix_override:/usr/lib/python3/dist-packages/colcon_core/task/python/colcon_distutils_commands:/home/aroc/main_task26/install/main_task26/lib/python3.12/site-packages:${PYTHONPATH} /usr/bin/python3 -W ignore:setup.py install is deprecated -W ignore:easy_install command is deprecated setup.py egg_info --egg-base ../../build/main_task26 build --build-base /home/aroc/main_task26/build/main_task26/build install --record /home/aroc/main_task26/build/main_task26/install.log --single-version-externally-managed install_data
[2.425s] running egg_info
[2.473s] writing ../../build/main_task26/main_task26.egg-info/PKG-INFO
[2.474s] writing dependency_links to ../../build/main_task26/main_task26.egg-info/dependency_links.txt
[2.474s] writing entry points to ../../build/main_task26/main_task26.egg-info/entry_points.txt
[2.475s] writing requirements to ../../build/main_task26/main_task26.egg-info/requires.txt
[2.475s] writing top-level names to ../../build/main_task26/main_task26.egg-info/top_level.txt
[2.576s] reading manifest file '../../build/main_task26/main_task26.egg-info/SOURCES.txt'
[2.577s] adding license file 'LICENSE'
[2.578s] writing manifest file '../../build/main_task26/main_task26.egg-info/SOURCES.txt'
[2.578s] running build
[2.579s] running build_py
[2.580s] running install
[2.595s] running install_lib
[2.645s] running install_data
[2.646s] running install_egg_info
[2.696s] removing '/home/aroc/main_task26/install/main_task26/lib/python3.12/site-packages/main_task26-0.0.0-py3.12.egg-info' (and everything under it)
[2.697s] Copying ../../build/main_task26/main_task26.egg-info to /home/aroc/main_task26/install/main_task26/lib/python3.12/site-packages/main_task26-0.0.0-py3.12.egg-info
[2.699s] running install_scripts
[3.002s] Installing bangun script to /home/aroc/main_task26/install/main_task26/lib/main_task26
[3.003s] Installing button script to /home/aroc/main_task26/install/main_task26/lib/main_task26
[3.003s] Installing cek script to /home/aroc/main_task26/install/main_task26/lib/main_task26
[3.003s] Installing headcontrol script to /home/aroc/main_task26/install/main_task26/lib/main_task26
[3.004s] Installing jalan script to /home/aroc/main_task26/install/main_task26/lib/main_task26
[3.004s] Installing jarak script to /home/aroc/main_task26/install/main_task26/lib/main_task26
[3.004s] Installing maintask script to /home/aroc/main_task26/install/main_task26/lib/main_task26
[3.005s] Installing tunning script to /home/aroc/main_task26/install/main_task26/lib/main_task26
[3.005s] Installing vision script to /home/aroc/main_task26/install/main_task26/lib/main_task26
[3.006s] writing list of installed files to '/home/aroc/main_task26/build/main_task26/install.log'
[3.060s] Invoked command in '/home/aroc/main_task26/src/main_task26' returned '0': DEBUGINFOD_URLS=https://debuginfod.ubuntu.com PYTHONPATH=/home/aroc/main_task26/build/main_task26/prefix_override:/usr/lib/python3/dist-packages/colcon_core/task/python/colcon_distutils_commands:/home/aroc/main_task26/install/main_task26/lib/python3.12/site-packages:${PYTHONPATH} /usr/bin/python3 -W ignore:setup.py install is deprecated -W ignore:easy_install command is deprecated setup.py egg_info --egg-base ../../build/main_task26 build --build-base /home/aroc/main_task26/build/main_task26/build install --record /home/aroc/main_task26/build/main_task26/install.log --single-version-externally-managed install_data
