[2.038s] Invoking command in '/home/aroc/main_task26/src/main_task26': DEBUGINFOD_URLS=https://debuginfod.ubuntu.com PYTHONPATH=/home/aroc/main_task26/build/main_task26/prefix_override:/usr/lib/python3/dist-packages/colcon_core/task/python/colcon_distutils_commands:/home/aroc/main_task26/install/main_task26/lib/python3.12/site-packages:${PYTHONPATH} /usr/bin/python3 -W ignore:setup.py install is deprecated -W ignore:easy_install command is deprecated setup.py egg_info --egg-base ../../build/main_task26 build --build-base /home/aroc/main_task26/build/main_task26/build install --record /home/aroc/main_task26/build/main_task26/install.log --single-version-externally-managed install_data
[2.667s] running egg_info
[2.711s] writing ../../build/main_task26/main_task26.egg-info/PKG-INFO
[2.711s] writing dependency_links to ../../build/main_task26/main_task26.egg-info/dependency_links.txt
[2.712s] writing entry points to ../../build/main_task26/main_task26.egg-info/entry_points.txt
[2.712s] writing requirements to ../../build/main_task26/main_task26.egg-info/requires.txt
[2.712s] writing top-level names to ../../build/main_task26/main_task26.egg-info/top_level.txt
[2.806s] reading manifest file '../../build/main_task26/main_task26.egg-info/SOURCES.txt'
[2.807s] adding license file 'LICENSE'
[2.808s] writing manifest file '../../build/main_task26/main_task26.egg-info/SOURCES.txt'
[2.808s] running build
[2.808s] running build_py
[2.809s] copying main_task26/cek.py -> /home/aroc/main_task26/build/main_task26/build/lib/main_task26
[2.809s] copying main_task26/bangun.py -> /home/aroc/main_task26/build/main_task26/build/lib/main_task26
[2.809s] copying main_task26/crab_walk.py -> /home/aroc/main_task26/build/main_task26/build/lib/main_task26
[2.810s] running install
[2.823s] running install_lib
[2.874s] copying /home/aroc/main_task26/build/main_task26/build/lib/main_task26/cek.py -> /home/aroc/main_task26/install/main_task26/lib/python3.12/site-packages/main_task26
[2.874s] copying /home/aroc/main_task26/build/main_task26/build/lib/main_task26/bangun.py -> /home/aroc/main_task26/install/main_task26/lib/python3.12/site-packages/main_task26
[2.874s] copying /home/aroc/main_task26/build/main_task26/build/lib/main_task26/crab_walk.py -> /home/aroc/main_task26/install/main_task26/lib/python3.12/site-packages/main_task26
[2.876s] byte-compiling /home/aroc/main_task26/install/main_task26/lib/python3.12/site-packages/main_task26/cek.py to cek.cpython-312.pyc
[2.877s] byte-compiling /home/aroc/main_task26/install/main_task26/lib/python3.12/site-packages/main_task26/bangun.py to bangun.cpython-312.pyc
[2.880s] byte-compiling /home/aroc/main_task26/install/main_task26/lib/python3.12/site-packages/main_task26/crab_walk.py to crab_walk.cpython-312.pyc
[2.883s] running install_data
[2.883s] running install_egg_info
[2.931s] removing '/home/aroc/main_task26/install/main_task26/lib/python3.12/site-packages/main_task26-0.0.0-py3.12.egg-info' (and everything under it)
[2.932s] Copying ../../build/main_task26/main_task26.egg-info to /home/aroc/main_task26/install/main_task26/lib/python3.12/site-packages/main_task26-0.0.0-py3.12.egg-info
[2.933s] running install_scripts
[3.211s] Installing bangun script to /home/aroc/main_task26/install/main_task26/lib/main_task26
[3.211s] Installing button script to /home/aroc/main_task26/install/main_task26/lib/main_task26
[3.211s] Installing cek script to /home/aroc/main_task26/install/main_task26/lib/main_task26
[3.212s] Installing headcontrol script to /home/aroc/main_task26/install/main_task26/lib/main_task26
[3.212s] Installing jalan script to /home/aroc/main_task26/install/main_task26/lib/main_task26
[3.212s] Installing jarak script to /home/aroc/main_task26/install/main_task26/lib/main_task26
[3.213s] Installing maintask script to /home/aroc/main_task26/install/main_task26/lib/main_task26
[3.213s] Installing vision script to /home/aroc/main_task26/install/main_task26/lib/main_task26
[3.214s] writing list of installed files to '/home/aroc/main_task26/build/main_task26/install.log'
[3.266s] Invoked command in '/home/aroc/main_task26/src/main_task26' returned '0': DEBUGINFOD_URLS=https://debuginfod.ubuntu.com PYTHONPATH=/home/aroc/main_task26/build/main_task26/prefix_override:/usr/lib/python3/dist-packages/colcon_core/task/python/colcon_distutils_commands:/home/aroc/main_task26/install/main_task26/lib/python3.12/site-packages:${PYTHONPATH} /usr/bin/python3 -W ignore:setup.py install is deprecated -W ignore:easy_install command is deprecated setup.py egg_info --egg-base ../../build/main_task26 build --build-base /home/aroc/main_task26/build/main_task26/build install --record /home/aroc/main_task26/build/main_task26/install.log --single-version-externally-managed install_data
