[1.737s] Invoking command in '/home/aroc/main_task26/src/main_task26': DEBUGINFOD_URLS=https://debuginfod.ubuntu.com PYTHONPATH=/home/aroc/main_task26/build/main_task26/prefix_override:/usr/lib/python3/dist-packages/colcon_core/task/python/colcon_distutils_commands:/home/aroc/main_task26/install/main_task26/lib/python3.12/site-packages:${PYTHONPATH} /usr/bin/python3 -W ignore:setup.py install is deprecated -W ignore:easy_install command is deprecated setup.py egg_info --egg-base ../../build/main_task26 build --build-base /home/aroc/main_task26/build/main_task26/build install --record /home/aroc/main_task26/build/main_task26/install.log --single-version-externally-managed install_data
[2.240s] running egg_info
[2.241s] creating ../../build/main_task26/main_task26.egg-info
[2.279s] writing ../../build/main_task26/main_task26.egg-info/PKG-INFO
[2.279s] writing dependency_links to ../../build/main_task26/main_task26.egg-info/dependency_links.txt
[2.279s] writing entry points to ../../build/main_task26/main_task26.egg-info/entry_points.txt
[2.280s] writing requirements to ../../build/main_task26/main_task26.egg-info/requires.txt
[2.280s] writing top-level names to ../../build/main_task26/main_task26.egg-info/top_level.txt
[2.280s] writing manifest file '../../build/main_task26/main_task26.egg-info/SOURCES.txt'
[2.361s] reading manifest file '../../build/main_task26/main_task26.egg-info/SOURCES.txt'
[2.361s] adding license file 'LICENSE'
[2.363s] writing manifest file '../../build/main_task26/main_task26.egg-info/SOURCES.txt'
[2.363s] running build
[2.363s] running build_py
[2.364s] creating /home/aroc/main_task26/build/main_task26/build
[2.364s] creating /home/aroc/main_task26/build/main_task26/build/lib
[2.364s] creating /home/aroc/main_task26/build/main_task26/build/lib/main_task26
[2.364s] copying main_task26/motion_PID.py -> /home/aroc/main_task26/build/main_task26/build/lib/main_task26
[2.364s] copying main_task26/main_task.py -> /home/aroc/main_task26/build/main_task26/build/lib/main_task26
[2.365s] copying main_task26/main_PID.py -> /home/aroc/main_task26/build/main_task26/build/lib/main_task26
[2.365s] copying main_task26/bangun.py -> /home/aroc/main_task26/build/main_task26/build/lib/main_task26
[2.365s] copying main_task26/main_jarak.py -> /home/aroc/main_task26/build/main_task26/build/lib/main_task26
[2.365s] copying main_task26/crab_walk.py -> /home/aroc/main_task26/build/main_task26/build/lib/main_task26
[2.365s] copying main_task26/main_head_control.py -> /home/aroc/main_task26/build/main_task26/build/lib/main_task26
[2.366s] copying main_task26/__init__.py -> /home/aroc/main_task26/build/main_task26/build/lib/main_task26
[2.366s] copying main_task26/button.py -> /home/aroc/main_task26/build/main_task26/build/lib/main_task26
[2.366s] copying main_task26/main_vision.py -> /home/aroc/main_task26/build/main_task26/build/lib/main_task26
[2.366s] running install
[2.377s] running install_lib
[2.418s] creating /home/aroc/main_task26/install/main_task26/lib/python3.12/site-packages/main_task26
[2.419s] copying /home/aroc/main_task26/build/main_task26/build/lib/main_task26/motion_PID.py -> /home/aroc/main_task26/install/main_task26/lib/python3.12/site-packages/main_task26
[2.419s] copying /home/aroc/main_task26/build/main_task26/build/lib/main_task26/main_task.py -> /home/aroc/main_task26/install/main_task26/lib/python3.12/site-packages/main_task26
[2.419s] copying /home/aroc/main_task26/build/main_task26/build/lib/main_task26/main_PID.py -> /home/aroc/main_task26/install/main_task26/lib/python3.12/site-packages/main_task26
[2.419s] copying /home/aroc/main_task26/build/main_task26/build/lib/main_task26/bangun.py -> /home/aroc/main_task26/install/main_task26/lib/python3.12/site-packages/main_task26
[2.420s] copying /home/aroc/main_task26/build/main_task26/build/lib/main_task26/main_jarak.py -> /home/aroc/main_task26/install/main_task26/lib/python3.12/site-packages/main_task26
[2.420s] copying /home/aroc/main_task26/build/main_task26/build/lib/main_task26/crab_walk.py -> /home/aroc/main_task26/install/main_task26/lib/python3.12/site-packages/main_task26
[2.420s] copying /home/aroc/main_task26/build/main_task26/build/lib/main_task26/main_head_control.py -> /home/aroc/main_task26/install/main_task26/lib/python3.12/site-packages/main_task26
[2.420s] copying /home/aroc/main_task26/build/main_task26/build/lib/main_task26/__init__.py -> /home/aroc/main_task26/install/main_task26/lib/python3.12/site-packages/main_task26
[2.421s] copying /home/aroc/main_task26/build/main_task26/build/lib/main_task26/button.py -> /home/aroc/main_task26/install/main_task26/lib/python3.12/site-packages/main_task26
[2.421s] copying /home/aroc/main_task26/build/main_task26/build/lib/main_task26/main_vision.py -> /home/aroc/main_task26/install/main_task26/lib/python3.12/site-packages/main_task26
[2.421s] byte-compiling /home/aroc/main_task26/install/main_task26/lib/python3.12/site-packages/main_task26/motion_PID.py to motion_PID.cpython-312.pyc
[2.425s] byte-compiling /home/aroc/main_task26/install/main_task26/lib/python3.12/site-packages/main_task26/main_task.py to main_task.cpython-312.pyc
[2.426s] byte-compiling /home/aroc/main_task26/install/main_task26/lib/python3.12/site-packages/main_task26/main_PID.py to main_PID.cpython-312.pyc
[2.428s] byte-compiling /home/aroc/main_task26/install/main_task26/lib/python3.12/site-packages/main_task26/bangun.py to bangun.cpython-312.pyc
[2.430s] byte-compiling /home/aroc/main_task26/install/main_task26/lib/python3.12/site-packages/main_task26/main_jarak.py to main_jarak.cpython-312.pyc
[2.431s] byte-compiling /home/aroc/main_task26/install/main_task26/lib/python3.12/site-packages/main_task26/crab_walk.py to crab_walk.cpython-312.pyc
[2.432s] byte-compiling /home/aroc/main_task26/install/main_task26/lib/python3.12/site-packages/main_task26/main_head_control.py to main_head_control.cpython-312.pyc
[2.435s] byte-compiling /home/aroc/main_task26/install/main_task26/lib/python3.12/site-packages/main_task26/__init__.py to __init__.cpython-312.pyc
[2.435s] byte-compiling /home/aroc/main_task26/install/main_task26/lib/python3.12/site-packages/main_task26/button.py to button.cpython-312.pyc
[2.437s] byte-compiling /home/aroc/main_task26/install/main_task26/lib/python3.12/site-packages/main_task26/main_vision.py to main_vision.cpython-312.pyc
[2.439s] running install_data
[2.439s] creating /home/aroc/main_task26/install/main_task26/share/ament_index
[2.439s] creating /home/aroc/main_task26/install/main_task26/share/ament_index/resource_index
[2.439s] creating /home/aroc/main_task26/install/main_task26/share/ament_index/resource_index/packages
[2.440s] copying resource/main_task26 -> /home/aroc/main_task26/install/main_task26/share/ament_index/resource_index/packages
[2.440s] copying package.xml -> /home/aroc/main_task26/install/main_task26/share/main_task26
[2.440s] creating /home/aroc/main_task26/install/main_task26/share/main_task26/launch
[2.440s] copying launch/main_launch.py -> /home/aroc/main_task26/install/main_task26/share/main_task26/launch
[2.440s] running install_egg_info
[2.485s] Copying ../../build/main_task26/main_task26.egg-info to /home/aroc/main_task26/install/main_task26/lib/python3.12/site-packages/main_task26-0.0.0-py3.12.egg-info
[2.486s] running install_scripts
[2.746s] Installing bangun script to /home/aroc/main_task26/install/main_task26/lib/main_task26
[2.747s] Installing button script to /home/aroc/main_task26/install/main_task26/lib/main_task26
[2.747s] Installing headcontrol script to /home/aroc/main_task26/install/main_task26/lib/main_task26
[2.747s] Installing jalan script to /home/aroc/main_task26/install/main_task26/lib/main_task26
[2.748s] Installing jarak script to /home/aroc/main_task26/install/main_task26/lib/main_task26
[2.748s] Installing maintask script to /home/aroc/main_task26/install/main_task26/lib/main_task26
[2.748s] Installing vision script to /home/aroc/main_task26/install/main_task26/lib/main_task26
[2.748s] writing list of installed files to '/home/aroc/main_task26/build/main_task26/install.log'
[2.792s] Invoked command in '/home/aroc/main_task26/src/main_task26' returned '0': DEBUGINFOD_URLS=https://debuginfod.ubuntu.com PYTHONPATH=/home/aroc/main_task26/build/main_task26/prefix_override:/usr/lib/python3/dist-packages/colcon_core/task/python/colcon_distutils_commands:/home/aroc/main_task26/install/main_task26/lib/python3.12/site-packages:${PYTHONPATH} /usr/bin/python3 -W ignore:setup.py install is deprecated -W ignore:easy_install command is deprecated setup.py egg_info --egg-base ../../build/main_task26 build --build-base /home/aroc/main_task26/build/main_task26/build install --record /home/aroc/main_task26/build/main_task26/install.log --single-version-externally-managed install_data
