[1.798s] Invoking command in '/home/aroc/main_task26/src/main_task26': DEBUGINFOD_URLS=https://debuginfod.ubuntu.com PYTHONPATH=/home/aroc/main_task26/build/main_task26/prefix_override:/usr/lib/python3/dist-packages/colcon_core/task/python/colcon_distutils_commands:/home/aroc/main_task26/install/main_task26/lib/python3.12/site-packages:${PYTHONPATH} /usr/bin/python3 -W ignore:setup.py install is deprecated -W ignore:easy_install command is deprecated setup.py egg_info --egg-base ../../build/main_task26 build --build-base /home/aroc/main_task26/build/main_task26/build install --record /home/aroc/main_task26/build/main_task26/install.log --single-version-externally-managed install_data
[2.378s] running egg_info
[2.426s] writing ../../build/main_task26/main_task26.egg-info/PKG-INFO
[2.426s] writing dependency_links to ../../build/main_task26/main_task26.egg-info/dependency_links.txt
[2.427s] writing entry points to ../../build/main_task26/main_task26.egg-info/entry_points.txt
[2.427s] writing requirements to ../../build/main_task26/main_task26.egg-info/requires.txt
[2.427s] writing top-level names to ../../build/main_task26/main_task26.egg-info/top_level.txt
[2.517s] reading manifest file '../../build/main_task26/main_task26.egg-info/SOURCES.txt'
[2.517s] adding license file 'LICENSE'
[2.520s] writing manifest file '../../build/main_task26/main_task26.egg-info/SOURCES.txt'
[2.520s] running build
[2.521s] running build_py
[2.522s] copying main_task26/main_head_control.py -> /home/aroc/main_task26/build/main_task26/build/lib/main_task26
[2.522s] running install
[2.534s] running install_lib
[2.578s] copying /home/aroc/main_task26/build/main_task26/build/lib/main_task26/main_head_control.py -> /home/aroc/main_task26/install/main_task26/lib/python3.12/site-packages/main_task26
[2.580s] byte-compiling /home/aroc/main_task26/install/main_task26/lib/python3.12/site-packages/main_task26/main_head_control.py to main_head_control.cpython-312.pyc
[2.585s] running install_data
[2.585s] running install_egg_info
[2.633s] removing '/home/aroc/main_task26/install/main_task26/lib/python3.12/site-packages/main_task26-0.0.0-py3.12.egg-info' (and everything under it)
[2.634s] Copying ../../build/main_task26/main_task26.egg-info to /home/aroc/main_task26/install/main_task26/lib/python3.12/site-packages/main_task26-0.0.0-py3.12.egg-info
[2.636s] running install_scripts
[2.918s] Installing bangun script to /home/aroc/main_task26/install/main_task26/lib/main_task26
[2.919s] Installing button script to /home/aroc/main_task26/install/main_task26/lib/main_task26
[2.920s] Installing cek script to /home/aroc/main_task26/install/main_task26/lib/main_task26
[2.920s] Installing headcontrol script to /home/aroc/main_task26/install/main_task26/lib/main_task26
[2.920s] Installing jalan script to /home/aroc/main_task26/install/main_task26/lib/main_task26
[2.921s] Installing jarak script to /home/aroc/main_task26/install/main_task26/lib/main_task26
[2.921s] Installing maintask script to /home/aroc/main_task26/install/main_task26/lib/main_task26
[2.921s] Installing vision script to /home/aroc/main_task26/install/main_task26/lib/main_task26
[2.921s] writing list of installed files to '/home/aroc/main_task26/build/main_task26/install.log'
[2.985s] Invoked command in '/home/aroc/main_task26/src/main_task26' returned '0': DEBUGINFOD_URLS=https://debuginfod.ubuntu.com PYTHONPATH=/home/aroc/main_task26/build/main_task26/prefix_override:/usr/lib/python3/dist-packages/colcon_core/task/python/colcon_distutils_commands:/home/aroc/main_task26/install/main_task26/lib/python3.12/site-packages:${PYTHONPATH} /usr/bin/python3 -W ignore:setup.py install is deprecated -W ignore:easy_install command is deprecated setup.py egg_info --egg-base ../../build/main_task26 build --build-base /home/aroc/main_task26/build/main_task26/build install --record /home/aroc/main_task26/build/main_task26/install.log --single-version-externally-managed install_data
