[1.718s] Invoking command in '/home/aroc/main_task26/src/main_task26': DEBUGINFOD_URLS=https://debuginfod.ubuntu.com PYTHONPATH=/home/aroc/main_task26/build/main_task26/prefix_override:/usr/lib/python3/dist-packages/colcon_core/task/python/colcon_distutils_commands:/home/aroc/main_task26/install/main_task26/lib/python3.12/site-packages:${PYTHONPATH} /usr/bin/python3 -W ignore:setup.py install is deprecated -W ignore:easy_install command is deprecated setup.py egg_info --egg-base ../../build/main_task26 build --build-base /home/aroc/main_task26/build/main_task26/build install --record /home/aroc/main_task26/build/main_task26/install.log --single-version-externally-managed install_data
[2.310s] running egg_info
[2.356s] writing ../../build/main_task26/main_task26.egg-info/PKG-INFO
[2.356s] writing dependency_links to ../../build/main_task26/main_task26.egg-info/dependency_links.txt
[2.357s] writing entry points to ../../build/main_task26/main_task26.egg-info/entry_points.txt
[2.357s] writing requirements to ../../build/main_task26/main_task26.egg-info/requires.txt
[2.357s] writing top-level names to ../../build/main_task26/main_task26.egg-info/top_level.txt
[2.452s] reading manifest file '../../build/main_task26/main_task26.egg-info/SOURCES.txt'
[2.453s] adding license file 'LICENSE'
[2.454s] writing manifest file '../../build/main_task26/main_task26.egg-info/SOURCES.txt'
[2.454s] running build
[2.455s] running build_py
[2.455s] copying main_task26/crab_walk.py -> /home/aroc/main_task26/build/main_task26/build/lib/main_task26
[2.456s] running install
[2.469s] running install_lib
[2.515s] copying /home/aroc/main_task26/build/main_task26/build/lib/main_task26/crab_walk.py -> /home/aroc/main_task26/install/main_task26/lib/python3.12/site-packages/main_task26
[2.517s] byte-compiling /home/aroc/main_task26/install/main_task26/lib/python3.12/site-packages/main_task26/crab_walk.py to crab_walk.cpython-312.pyc
[2.519s] running install_data
[2.520s] running install_egg_info
[2.571s] removing '/home/aroc/main_task26/install/main_task26/lib/python3.12/site-packages/main_task26-0.0.0-py3.12.egg-info' (and everything under it)
[2.574s] Copying ../../build/main_task26/main_task26.egg-info to /home/aroc/main_task26/install/main_task26/lib/python3.12/site-packages/main_task26-0.0.0-py3.12.egg-info
[2.574s] running install_scripts
[2.877s] Installing bangun script to /home/aroc/main_task26/install/main_task26/lib/main_task26
[2.878s] Installing button script to /home/aroc/main_task26/install/main_task26/lib/main_task26
[2.878s] Installing cek script to /home/aroc/main_task26/install/main_task26/lib/main_task26
[2.878s] Installing headcontrol script to /home/aroc/main_task26/install/main_task26/lib/main_task26
[2.878s] Installing jalan script to /home/aroc/main_task26/install/main_task26/lib/main_task26
[2.879s] Installing jarak script to /home/aroc/main_task26/install/main_task26/lib/main_task26
[2.879s] Installing maintask script to /home/aroc/main_task26/install/main_task26/lib/main_task26
[2.879s] Installing vision script to /home/aroc/main_task26/install/main_task26/lib/main_task26
[2.880s] writing list of installed files to '/home/aroc/main_task26/build/main_task26/install.log'
[2.932s] Invoked command in '/home/aroc/main_task26/src/main_task26' returned '0': DEBUGINFOD_URLS=https://debuginfod.ubuntu.com PYTHONPATH=/home/aroc/main_task26/build/main_task26/prefix_override:/usr/lib/python3/dist-packages/colcon_core/task/python/colcon_distutils_commands:/home/aroc/main_task26/install/main_task26/lib/python3.12/site-packages:${PYTHONPATH} /usr/bin/python3 -W ignore:setup.py install is deprecated -W ignore:easy_install command is deprecated setup.py egg_info --egg-base ../../build/main_task26 build --build-base /home/aroc/main_task26/build/main_task26/build install --record /home/aroc/main_task26/build/main_task26/install.log --single-version-externally-managed install_data
