[1.798s] Invoking command in '/home/aroc/main_task26/src/main_task26': DEBUGINFOD_URLS=https://debuginfod.ubuntu.com PYTHONPATH=/home/aroc/main_task26/build/main_task26/prefix_override:/usr/lib/python3/dist-packages/colcon_core/task/python/colcon_distutils_commands:/home/aroc/main_task26/install/main_task26/lib/python3.12/site-packages:${PYTHONPATH} /usr/bin/python3 -W ignore:setup.py install is deprecated -W ignore:easy_install command is deprecated setup.py egg_info --egg-base ../../build/main_task26 build --build-base /home/aroc/main_task26/build/main_task26/build install --record /home/aroc/main_task26/build/main_task26/install.log --single-version-externally-managed install_data
[2.421s] running egg_info
[2.466s] writing ../../build/main_task26/main_task26.egg-info/PKG-INFO
[2.467s] writing dependency_links to ../../build/main_task26/main_task26.egg-info/dependency_links.txt
[2.467s] writing entry points to ../../build/main_task26/main_task26.egg-info/entry_points.txt
[2.468s] writing requirements to ../../build/main_task26/main_task26.egg-info/requires.txt
[2.468s] writing top-level names to ../../build/main_task26/main_task26.egg-info/top_level.txt
[2.560s] reading manifest file '../../build/main_task26/main_task26.egg-info/SOURCES.txt'
[2.561s] adding license file 'LICENSE'
[2.563s] writing manifest file '../../build/main_task26/main_task26.egg-info/SOURCES.txt'
[2.563s] running build
[2.563s] running build_py
[2.564s] copying main_task26/button.py -> /home/aroc/main_task26/build/main_task26/build/lib/main_task26
[2.564s] running install
[2.576s] running install_lib
[2.629s] copying /home/aroc/main_task26/build/main_task26/build/lib/main_task26/button.py -> /home/aroc/main_task26/install/main_task26/lib/python3.12/site-packages/main_task26
[2.630s] byte-compiling /home/aroc/main_task26/install/main_task26/lib/python3.12/site-packages/main_task26/button.py to button.cpython-312.pyc
[2.632s] running install_data
[2.632s] running install_egg_info
[2.683s] removing '/home/aroc/main_task26/install/main_task26/lib/python3.12/site-packages/main_task26-0.0.0-py3.12.egg-info' (and everything under it)
[2.684s] Copying ../../build/main_task26/main_task26.egg-info to /home/aroc/main_task26/install/main_task26/lib/python3.12/site-packages/main_task26-0.0.0-py3.12.egg-info
[2.686s] running install_scripts
[2.992s] Installing bangun script to /home/aroc/main_task26/install/main_task26/lib/main_task26
[2.993s] Installing button script to /home/aroc/main_task26/install/main_task26/lib/main_task26
[2.993s] Installing cek script to /home/aroc/main_task26/install/main_task26/lib/main_task26
[2.993s] Installing headcontrol script to /home/aroc/main_task26/install/main_task26/lib/main_task26
[2.994s] Installing jalan script to /home/aroc/main_task26/install/main_task26/lib/main_task26
[2.995s] Installing jarak script to /home/aroc/main_task26/install/main_task26/lib/main_task26
[2.995s] Installing maintask script to /home/aroc/main_task26/install/main_task26/lib/main_task26
[2.995s] Installing vision script to /home/aroc/main_task26/install/main_task26/lib/main_task26
[2.995s] writing list of installed files to '/home/aroc/main_task26/build/main_task26/install.log'
[3.050s] Invoked command in '/home/aroc/main_task26/src/main_task26' returned '0': DEBUGINFOD_URLS=https://debuginfod.ubuntu.com PYTHONPATH=/home/aroc/main_task26/build/main_task26/prefix_override:/usr/lib/python3/dist-packages/colcon_core/task/python/colcon_distutils_commands:/home/aroc/main_task26/install/main_task26/lib/python3.12/site-packages:${PYTHONPATH} /usr/bin/python3 -W ignore:setup.py install is deprecated -W ignore:easy_install command is deprecated setup.py egg_info --egg-base ../../build/main_task26 build --build-base /home/aroc/main_task26/build/main_task26/build install --record /home/aroc/main_task26/build/main_task26/install.log --single-version-externally-managed install_data
