/home/aroc/main_task26/install/main_task26/lib/python3.12/site-packages/main_task26/motion_PID.py
/home/aroc/main_task26/install/main_task26/lib/python3.12/site-packages/main_task26/main_task.py
/home/aroc/main_task26/install/main_task26/lib/python3.12/site-packages/main_task26/cek.py
/home/aroc/main_task26/install/main_task26/lib/python3.12/site-packages/main_task26/main_PID.py
/home/aroc/main_task26/install/main_task26/lib/python3.12/site-packages/main_task26/bangun.py
/home/aroc/main_task26/install/main_task26/lib/python3.12/site-packages/main_task26/main_jarak.py
/home/aroc/main_task26/install/main_task26/lib/python3.12/site-packages/main_task26/crab_walk.py
/home/aroc/main_task26/install/main_task26/lib/python3.12/site-packages/main_task26/main_head_control.py
/home/aroc/main_task26/install/main_task26/lib/python3.12/site-packages/main_task26/__init__.py
/home/aroc/main_task26/install/main_task26/lib/python3.12/site-packages/main_task26/button.py
/home/aroc/main_task26/install/main_task26/lib/python3.12/site-packages/main_task26/main_vision.py
/home/aroc/main_task26/install/main_task26/lib/python3.12/site-packages/main_task26/__pycache__/motion_PID.cpython-312.pyc
/home/aroc/main_task26/install/main_task26/lib/python3.12/site-packages/main_task26/__pycache__/main_task.cpython-312.pyc
/home/aroc/main_task26/install/main_task26/lib/python3.12/site-packages/main_task26/__pycache__/cek.cpython-312.pyc
/home/aroc/main_task26/install/main_task26/lib/python3.12/site-packages/main_task26/__pycache__/main_PID.cpython-312.pyc
/home/aroc/main_task26/install/main_task26/lib/python3.12/site-packages/main_task26/__pycache__/bangun.cpython-312.pyc
/home/aroc/main_task26/install/main_task26/lib/python3.12/site-packages/main_task26/__pycache__/main_jarak.cpython-312.pyc
/home/aroc/main_task26/install/main_task26/lib/python3.12/site-packages/main_task26/__pycache__/crab_walk.cpython-312.pyc
/home/aroc/main_task26/install/main_task26/lib/python3.12/site-packages/main_task26/__pycache__/main_head_control.cpython-312.pyc
/home/aroc/main_task26/install/main_task26/lib/python3.12/site-packages/main_task26/__pycache__/__init__.cpython-312.pyc
/home/aroc/main_task26/install/main_task26/lib/python3.12/site-packages/main_task26/__pycache__/button.cpython-312.pyc
/home/aroc/main_task26/install/main_task26/lib/python3.12/site-packages/main_task26/__pycache__/main_vision.cpython-312.pyc
/home/aroc/main_task26/install/main_task26/share/ament_index/resource_index/packages/main_task26
/home/aroc/main_task26/install/main_task26/share/main_task26/package.xml
/home/aroc/main_task26/install/main_task26/share/main_task26/launch/main_launch.py
/home/aroc/main_task26/install/main_task26/lib/python3.12/site-packages/main_task26-0.0.0-py3.12.egg-info/SOURCES.txt
/home/aroc/main_task26/install/main_task26/lib/python3.12/site-packages/main_task26-0.0.0-py3.12.egg-info/top_level.txt
/home/aroc/main_task26/install/main_task26/lib/python3.12/site-packages/main_task26-0.0.0-py3.12.egg-info/PKG-INFO
/home/aroc/main_task26/install/main_task26/lib/python3.12/site-packages/main_task26-0.0.0-py3.12.egg-info/entry_points.txt
/home/aroc/main_task26/install/main_task26/lib/python3.12/site-packages/main_task26-0.0.0-py3.12.egg-info/dependency_links.txt
/home/aroc/main_task26/install/main_task26/lib/python3.12/site-packages/main_task26-0.0.0-py3.12.egg-info/zip-safe
/home/aroc/main_task26/install/main_task26/lib/python3.12/site-packages/main_task26-0.0.0-py3.12.egg-info/requires.txt
/home/aroc/main_task26/install/main_task26/lib/main_task26/bangun
/home/aroc/main_task26/install/main_task26/lib/main_task26/button
/home/aroc/main_task26/install/main_task26/lib/main_task26/cek
/home/aroc/main_task26/install/main_task26/lib/main_task26/headcontrol
/home/aroc/main_task26/install/main_task26/lib/main_task26/jalan
/home/aroc/main_task26/install/main_task26/lib/main_task26/jarak
/home/aroc/main_task26/install/main_task26/lib/main_task26/maintask
/home/aroc/main_task26/install/main_task26/lib/main_task26/vision
