[1.742s] Invoking command in '/home/aroc/main_task26/src/main_task26': DEBUGINFOD_URLS=https://debuginfod.ubuntu.com PYTHONPATH=/home/aroc/main_task26/build/main_task26/prefix_override:/usr/lib/python3/dist-packages/colcon_core/task/python/colcon_distutils_commands:/home/aroc/main_task26/install/main_task26/lib/python3.12/site-packages:${PYTHONPATH} /usr/bin/python3 -W ignore:setup.py install is deprecated -W ignore:easy_install command is deprecated setup.py egg_info --egg-base ../../build/main_task26 build --build-base /home/aroc/main_task26/build/main_task26/build install --record /home/aroc/main_task26/build/main_task26/install.log --single-version-externally-managed install_data
[2.308s] running egg_info
[2.354s] writing ../../build/main_task26/main_task26.egg-info/PKG-INFO
[2.354s] writing dependency_links to ../../build/main_task26/main_task26.egg-info/dependency_links.txt
[2.355s] writing entry points to ../../build/main_task26/main_task26.egg-info/entry_points.txt
[2.355s] writing requirements to ../../build/main_task26/main_task26.egg-info/requires.txt
[2.355s] writing top-level names to ../../build/main_task26/main_task26.egg-info/top_level.txt
[2.449s] reading manifest file '../../build/main_task26/main_task26.egg-info/SOURCES.txt'
[2.450s] adding license file 'LICENSE'
[2.451s] writing manifest file '../../build/main_task26/main_task26.egg-info/SOURCES.txt'
[2.451s] running build
[2.452s] running build_py
[2.453s] copying main_task26/main_vision.py -> /home/aroc/main_task26/build/main_task26/build/lib/main_task26
[2.453s] running install
[2.465s] running install_lib
[2.514s] copying /home/aroc/main_task26/build/main_task26/build/lib/main_task26/main_vision.py -> /home/aroc/main_task26/install/main_task26/lib/python3.12/site-packages/main_task26
[2.516s] byte-compiling /home/aroc/main_task26/install/main_task26/lib/python3.12/site-packages/main_task26/main_vision.py to main_vision.cpython-312.pyc
[2.518s] running install_data
[2.519s] running install_egg_info
[2.568s] removing '/home/aroc/main_task26/install/main_task26/lib/python3.12/site-packages/main_task26-0.0.0-py3.12.egg-info' (and everything under it)
[2.568s] Copying ../../build/main_task26/main_task26.egg-info to /home/aroc/main_task26/install/main_task26/lib/python3.12/site-packages/main_task26-0.0.0-py3.12.egg-info
[2.570s] running install_scripts
[2.889s] Installing bangun script to /home/aroc/main_task26/install/main_task26/lib/main_task26
[2.890s] Installing button script to /home/aroc/main_task26/install/main_task26/lib/main_task26
[2.890s] Installing cek script to /home/aroc/main_task26/install/main_task26/lib/main_task26
[2.890s] Installing headcontrol script to /home/aroc/main_task26/install/main_task26/lib/main_task26
[2.893s] Installing jalan script to /home/aroc/main_task26/install/main_task26/lib/main_task26
[2.893s] Installing jarak script to /home/aroc/main_task26/install/main_task26/lib/main_task26
[2.893s] Installing maintask script to /home/aroc/main_task26/install/main_task26/lib/main_task26
[2.894s] Installing tunning script to /home/aroc/main_task26/install/main_task26/lib/main_task26
[2.894s] Installing vision script to /home/aroc/main_task26/install/main_task26/lib/main_task26
[2.894s] writing list of installed files to '/home/aroc/main_task26/build/main_task26/install.log'
[2.951s] Invoked command in '/home/aroc/main_task26/src/main_task26' returned '0': DEBUGINFOD_URLS=https://debuginfod.ubuntu.com PYTHONPATH=/home/aroc/main_task26/build/main_task26/prefix_override:/usr/lib/python3/dist-packages/colcon_core/task/python/colcon_distutils_commands:/home/aroc/main_task26/install/main_task26/lib/python3.12/site-packages:${PYTHONPATH} /usr/bin/python3 -W ignore:setup.py install is deprecated -W ignore:easy_install command is deprecated setup.py egg_info --egg-base ../../build/main_task26 build --build-base /home/aroc/main_task26/build/main_task26/build install --record /home/aroc/main_task26/build/main_task26/install.log --single-version-externally-managed install_data
