[1.546s] Invoking command in '/home/aroc/main_task26/src/main_task26': DEBUGINFOD_URLS=https://debuginfod.ubuntu.com PYTHONPATH=/home/aroc/main_task26/build/main_task26/prefix_override:/usr/lib/python3/dist-packages/colcon_core/task/python/colcon_distutils_commands:/home/aroc/main_task26/install/main_task26/lib/python3.12/site-packages:${PYTHONPATH} /usr/bin/python3 -W ignore:setup.py install is deprecated -W ignore:easy_install command is deprecated setup.py egg_info --egg-base ../../build/main_task26 build --build-base /home/aroc/main_task26/build/main_task26/build install --record /home/aroc/main_task26/build/main_task26/install.log --single-version-externally-managed install_data
[2.047s] running egg_info
[2.084s] writing ../../build/main_task26/main_task26.egg-info/PKG-INFO
[2.085s] writing dependency_links to ../../build/main_task26/main_task26.egg-info/dependency_links.txt
[2.085s] writing entry points to ../../build/main_task26/main_task26.egg-info/entry_points.txt
[2.086s] writing requirements to ../../build/main_task26/main_task26.egg-info/requires.txt
[2.086s] writing top-level names to ../../build/main_task26/main_task26.egg-info/top_level.txt
[2.163s] reading manifest file '../../build/main_task26/main_task26.egg-info/SOURCES.txt'
[2.164s] adding license file 'LICENSE'
[2.165s] writing manifest file '../../build/main_task26/main_task26.egg-info/SOURCES.txt'
[2.169s] running build
[2.169s] running build_py
[2.170s] copying main_task26/crab_walk.py -> /home/aroc/main_task26/build/main_task26/build/lib/main_task26
[2.171s] running install
[2.181s] running install_lib
[2.221s] copying /home/aroc/main_task26/build/main_task26/build/lib/main_task26/crab_walk.py -> /home/aroc/main_task26/install/main_task26/lib/python3.12/site-packages/main_task26
[2.223s] byte-compiling /home/aroc/main_task26/install/main_task26/lib/python3.12/site-packages/main_task26/crab_walk.py to crab_walk.cpython-312.pyc
[2.225s] running install_data
[2.226s] running install_egg_info
[2.268s] removing '/home/aroc/main_task26/install/main_task26/lib/python3.12/site-packages/main_task26-0.0.0-py3.12.egg-info' (and everything under it)
[2.269s] Copying ../../build/main_task26/main_task26.egg-info to /home/aroc/main_task26/install/main_task26/lib/python3.12/site-packages/main_task26-0.0.0-py3.12.egg-info
[2.271s] running install_scripts
[2.530s] Installing bangun script to /home/aroc/main_task26/install/main_task26/lib/main_task26
[2.530s] Installing button script to /home/aroc/main_task26/install/main_task26/lib/main_task26
[2.531s] Installing cek script to /home/aroc/main_task26/install/main_task26/lib/main_task26
[2.531s] Installing headcontrol script to /home/aroc/main_task26/install/main_task26/lib/main_task26
[2.532s] Installing jalan script to /home/aroc/main_task26/install/main_task26/lib/main_task26
[2.532s] Installing jarak script to /home/aroc/main_task26/install/main_task26/lib/main_task26
[2.532s] Installing maintask script to /home/aroc/main_task26/install/main_task26/lib/main_task26
[2.532s] Installing vision script to /home/aroc/main_task26/install/main_task26/lib/main_task26
[2.533s] writing list of installed files to '/home/aroc/main_task26/build/main_task26/install.log'
[2.576s] Invoked command in '/home/aroc/main_task26/src/main_task26' returned '0': DEBUGINFOD_URLS=https://debuginfod.ubuntu.com PYTHONPATH=/home/aroc/main_task26/build/main_task26/prefix_override:/usr/lib/python3/dist-packages/colcon_core/task/python/colcon_distutils_commands:/home/aroc/main_task26/install/main_task26/lib/python3.12/site-packages:${PYTHONPATH} /usr/bin/python3 -W ignore:setup.py install is deprecated -W ignore:easy_install command is deprecated setup.py egg_info --egg-base ../../build/main_task26 build --build-base /home/aroc/main_task26/build/main_task26/build install --record /home/aroc/main_task26/build/main_task26/install.log --single-version-externally-managed install_data
